2023-08-31 21:03:28,923 | INFO | File exists: AUD_VOI_20230720.xls
2023-08-31 21:03:28,923 | INFO | File exists: EUR_VOI_20230720.xls
2023-08-31 21:03:28,923 | INFO | File exists: CAD_VOI_20230720.xls
2023-08-31 21:03:28,923 | INFO | File exists: GBP_VOI_20230720.xls
2023-08-31 21:03:28,923 | INFO | File exists: CHF_VOI_20230720.xls
2023-08-31 21:03:28,923 | INFO | File exists: NZD_VOI_20230720.xls
2023-08-31 21:03:28,924 | INFO | File exists: JPY_VOI_20230720.xls
2023-08-31 21:03:28,924 | INFO | File exists: AUD_VOI_20230721.xls
2023-08-31 21:03:28,924 | INFO | File exists: EUR_VOI_20230721.xls
2023-08-31 21:03:28,924 | INFO | File exists: CAD_VOI_20230721.xls
2023-08-31 21:03:28,924 | INFO | File exists: GBP_VOI_20230721.xls
2023-08-31 21:03:28,925 | INFO | File exists: CHF_VOI_20230721.xls
2023-08-31 21:03:28,925 | INFO | File exists: NZD_VOI_20230721.xls
2023-08-31 21:03:28,925 | INFO | File exists: JPY_VOI_20230721.xls
2023-08-31 21:03:28,925 | INFO | File exists: AUD_VOI_20230724.xls
2023-08-31 21:03:28,926 | INFO | File exists: EUR_VOI_20230724.xls
2023-08-31 21:03:28,926 | INFO | File exists: CAD_VOI_20230724.xls
2023-08-31 21:03:28,926 | INFO | File exists: GBP_VOI_20230724.xls
2023-08-31 21:03:28,926 | INFO | File exists: CHF_VOI_20230724.xls
2023-08-31 21:03:28,927 | INFO | File exists: NZD_VOI_20230724.xls
2023-08-31 21:03:28,927 | INFO | File exists: JPY_VOI_20230724.xls
2023-08-31 21:03:28,927 | INFO | File exists: AUD_VOI_20230725.xls
2023-08-31 21:03:28,927 | INFO | File exists: EUR_VOI_20230725.xls
2023-08-31 21:03:28,928 | INFO | File exists: CAD_VOI_20230725.xls
2023-08-31 21:03:28,928 | INFO | File exists: GBP_VOI_20230725.xls
2023-08-31 21:03:28,928 | INFO | File exists: CHF_VOI_20230725.xls
2023-08-31 21:03:28,928 | INFO | File exists: NZD_VOI_20230725.xls
2023-08-31 21:03:28,929 | INFO | File exists: JPY_VOI_20230725.xls
2023-08-31 21:03:28,929 | INFO | File exists: AUD_VOI_20230726.xls
2023-08-31 21:03:28,929 | INFO | File exists: EUR_VOI_20230726.xls
2023-08-31 21:03:28,930 | INFO | File exists: CAD_VOI_20230726.xls
2023-08-31 21:03:28,930 | INFO | File exists: GBP_VOI_20230726.xls
2023-08-31 21:03:28,930 | INFO | File exists: CHF_VOI_20230726.xls
2023-08-31 21:03:28,930 | INFO | File exists: NZD_VOI_20230726.xls
2023-08-31 21:03:28,931 | INFO | File exists: JPY_VOI_20230726.xls
2023-08-31 21:03:28,931 | INFO | File exists: AUD_VOI_20230727.xls
2023-08-31 21:03:28,931 | INFO | File exists: EUR_VOI_20230727.xls
2023-08-31 21:03:28,931 | INFO | File exists: CAD_VOI_20230727.xls
2023-08-31 21:03:28,931 | INFO | File exists: GBP_VOI_20230727.xls
2023-08-31 21:03:28,932 | INFO | File exists: CHF_VOI_20230727.xls
2023-08-31 21:03:28,932 | INFO | File exists: NZD_VOI_20230727.xls
2023-08-31 21:03:28,932 | INFO | File exists: JPY_VOI_20230727.xls
2023-08-31 21:03:28,932 | INFO | File exists: AUD_VOI_20230728.xls
2023-08-31 21:03:28,933 | INFO | File exists: EUR_VOI_20230728.xls
2023-08-31 21:03:28,933 | INFO | File exists: CAD_VOI_20230728.xls
2023-08-31 21:03:28,933 | INFO | File exists: GBP_VOI_20230728.xls
2023-08-31 21:03:28,933 | INFO | File exists: CHF_VOI_20230728.xls
2023-08-31 21:03:28,933 | INFO | File exists: NZD_VOI_20230728.xls
2023-08-31 21:03:28,934 | INFO | File exists: JPY_VOI_20230728.xls
2023-08-31 21:03:28,934 | INFO | File exists: AUD_VOI_20230731.xls
2023-08-31 21:03:28,934 | INFO | File exists: EUR_VOI_20230731.xls
2023-08-31 21:03:28,934 | INFO | File exists: CAD_VOI_20230731.xls
2023-08-31 21:03:28,934 | INFO | File exists: GBP_VOI_20230731.xls
2023-08-31 21:03:28,935 | INFO | File exists: CHF_VOI_20230731.xls
2023-08-31 21:03:28,935 | INFO | File exists: NZD_VOI_20230731.xls
2023-08-31 21:03:28,935 | INFO | File exists: JPY_VOI_20230731.xls
2023-08-31 21:03:28,935 | INFO | File exists: AUD_VOI_20230801.xls
2023-08-31 21:03:28,935 | INFO | File exists: EUR_VOI_20230801.xls
2023-08-31 21:03:28,936 | INFO | File exists: CAD_VOI_20230801.xls
2023-08-31 21:03:28,936 | INFO | File exists: GBP_VOI_20230801.xls
2023-08-31 21:03:28,936 | INFO | File exists: CHF_VOI_20230801.xls
2023-08-31 21:03:28,936 | INFO | File exists: NZD_VOI_20230801.xls
2023-08-31 21:03:28,937 | INFO | File exists: JPY_VOI_20230801.xls
2023-08-31 21:03:28,937 | INFO | File exists: AUD_VOI_20230802.xls
2023-08-31 21:03:28,937 | INFO | File exists: EUR_VOI_20230802.xls
2023-08-31 21:03:28,937 | INFO | File exists: CAD_VOI_20230802.xls
2023-08-31 21:03:28,937 | INFO | File exists: GBP_VOI_20230802.xls
2023-08-31 21:03:28,938 | INFO | File exists: CHF_VOI_20230802.xls
2023-08-31 21:03:28,938 | INFO | File exists: NZD_VOI_20230802.xls
2023-08-31 21:03:28,938 | INFO | File exists: JPY_VOI_20230802.xls
2023-08-31 21:03:28,938 | INFO | File exists: AUD_VOI_20230803.xls
2023-08-31 21:03:28,939 | INFO | File exists: EUR_VOI_20230803.xls
2023-08-31 21:03:28,939 | INFO | File exists: CAD_VOI_20230803.xls
2023-08-31 21:03:28,939 | INFO | File exists: GBP_VOI_20230803.xls
2023-08-31 21:03:28,939 | INFO | File exists: CHF_VOI_20230803.xls
2023-08-31 21:03:28,940 | INFO | File exists: NZD_VOI_20230803.xls
2023-08-31 21:03:28,940 | INFO | File exists: JPY_VOI_20230803.xls
2023-08-31 21:03:28,940 | INFO | File exists: AUD_VOI_20230804.xls
2023-08-31 21:03:28,940 | INFO | File exists: EUR_VOI_20230804.xls
2023-08-31 21:03:28,941 | INFO | File exists: CAD_VOI_20230804.xls
2023-08-31 21:03:28,941 | INFO | File exists: GBP_VOI_20230804.xls
2023-08-31 21:03:28,941 | INFO | File exists: CHF_VOI_20230804.xls
2023-08-31 21:03:28,941 | INFO | File exists: NZD_VOI_20230804.xls
2023-08-31 21:03:28,941 | INFO | File exists: JPY_VOI_20230804.xls
2023-08-31 21:03:28,942 | INFO | File exists: AUD_VOI_20230807.xls
2023-08-31 21:03:28,942 | INFO | File exists: EUR_VOI_20230807.xls
2023-08-31 21:03:28,942 | INFO | File exists: CAD_VOI_20230807.xls
2023-08-31 21:03:28,942 | INFO | File exists: GBP_VOI_20230807.xls
2023-08-31 21:03:28,943 | INFO | File exists: CHF_VOI_20230807.xls
2023-08-31 21:03:28,943 | INFO | File exists: NZD_VOI_20230807.xls
2023-08-31 21:03:28,943 | INFO | File exists: JPY_VOI_20230807.xls
2023-08-31 21:03:28,943 | INFO | File exists: AUD_VOI_20230808.xls
2023-08-31 21:03:28,943 | INFO | File exists: EUR_VOI_20230808.xls
2023-08-31 21:03:28,944 | INFO | File exists: CAD_VOI_20230808.xls
2023-08-31 21:03:28,944 | INFO | File exists: GBP_VOI_20230808.xls
2023-08-31 21:03:28,944 | INFO | File exists: CHF_VOI_20230808.xls
2023-08-31 21:03:28,944 | INFO | File exists: NZD_VOI_20230808.xls
2023-08-31 21:03:28,944 | INFO | File exists: JPY_VOI_20230808.xls
2023-08-31 21:03:28,945 | INFO | File exists: AUD_VOI_20230809.xls
2023-08-31 21:03:28,945 | INFO | File exists: EUR_VOI_20230809.xls
2023-08-31 21:03:28,945 | INFO | File exists: CAD_VOI_20230809.xls
2023-08-31 21:03:28,945 | INFO | File exists: GBP_VOI_20230809.xls
2023-08-31 21:03:28,945 | INFO | File exists: CHF_VOI_20230809.xls
2023-08-31 21:03:28,946 | INFO | File exists: NZD_VOI_20230809.xls
2023-08-31 21:03:28,946 | INFO | File exists: JPY_VOI_20230809.xls
2023-08-31 21:03:28,946 | INFO | File exists: AUD_VOI_20230810.xls
2023-08-31 21:03:28,947 | INFO | File exists: EUR_VOI_20230810.xls
2023-08-31 21:03:28,947 | INFO | File exists: CAD_VOI_20230810.xls
2023-08-31 21:03:28,947 | INFO | File exists: GBP_VOI_20230810.xls
2023-08-31 21:03:28,947 | INFO | File exists: CHF_VOI_20230810.xls
2023-08-31 21:03:28,947 | INFO | File exists: NZD_VOI_20230810.xls
2023-08-31 21:03:28,948 | INFO | File exists: JPY_VOI_20230810.xls
2023-08-31 21:03:28,948 | INFO | File exists: AUD_VOI_20230811.xls
2023-08-31 21:03:28,948 | INFO | File exists: EUR_VOI_20230811.xls
2023-08-31 21:03:28,948 | INFO | File exists: CAD_VOI_20230811.xls
2023-08-31 21:03:28,948 | INFO | File exists: GBP_VOI_20230811.xls
2023-08-31 21:03:28,948 | INFO | File exists: CHF_VOI_20230811.xls
2023-08-31 21:03:28,949 | INFO | File exists: NZD_VOI_20230811.xls
2023-08-31 21:03:28,949 | INFO | File exists: JPY_VOI_20230811.xls
2023-08-31 21:03:28,949 | INFO | File exists: AUD_VOI_20230814.xls
2023-08-31 21:03:28,949 | INFO | File exists: EUR_VOI_20230814.xls
2023-08-31 21:03:28,949 | INFO | File exists: CAD_VOI_20230814.xls
2023-08-31 21:03:28,950 | INFO | File exists: GBP_VOI_20230814.xls
2023-08-31 21:03:28,950 | INFO | File exists: CHF_VOI_20230814.xls
2023-08-31 21:03:28,950 | INFO | File exists: NZD_VOI_20230814.xls
2023-08-31 21:03:28,950 | INFO | File exists: JPY_VOI_20230814.xls
2023-08-31 21:03:28,950 | INFO | File exists: AUD_VOI_20230815.xls
2023-08-31 21:03:28,951 | INFO | File exists: EUR_VOI_20230815.xls
2023-08-31 21:03:28,951 | INFO | File exists: CAD_VOI_20230815.xls
2023-08-31 21:03:28,951 | INFO | File exists: GBP_VOI_20230815.xls
2023-08-31 21:03:28,951 | INFO | File exists: CHF_VOI_20230815.xls
2023-08-31 21:03:28,951 | INFO | File exists: NZD_VOI_20230815.xls
2023-08-31 21:03:28,951 | INFO | File exists: JPY_VOI_20230815.xls
2023-08-31 21:03:28,952 | INFO | File exists: AUD_VOI_20230816.xls
2023-08-31 21:03:28,952 | INFO | File exists: EUR_VOI_20230816.xls
2023-08-31 21:03:28,952 | INFO | File exists: CAD_VOI_20230816.xls
2023-08-31 21:03:28,952 | INFO | File exists: GBP_VOI_20230816.xls
2023-08-31 21:03:28,952 | INFO | File exists: CHF_VOI_20230816.xls
2023-08-31 21:03:28,953 | INFO | File exists: NZD_VOI_20230816.xls
2023-08-31 21:03:28,953 | INFO | File exists: JPY_VOI_20230816.xls
2023-08-31 21:03:28,953 | INFO | File exists: AUD_VOI_20230817.xls
2023-08-31 21:03:28,953 | INFO | File exists: EUR_VOI_20230817.xls
2023-08-31 21:03:28,954 | INFO | File exists: CAD_VOI_20230817.xls
2023-08-31 21:03:28,954 | INFO | File exists: GBP_VOI_20230817.xls
2023-08-31 21:03:28,954 | INFO | File exists: CHF_VOI_20230817.xls
2023-08-31 21:03:28,955 | INFO | File exists: NZD_VOI_20230817.xls
2023-08-31 21:03:28,955 | INFO | File exists: JPY_VOI_20230817.xls
2023-08-31 21:03:28,955 | INFO | File exists: AUD_VOI_20230818.xls
2023-08-31 21:03:28,955 | INFO | File exists: EUR_VOI_20230818.xls
2023-08-31 21:03:28,956 | INFO | File exists: CAD_VOI_20230818.xls
2023-08-31 21:03:28,956 | INFO | File exists: GBP_VOI_20230818.xls
2023-08-31 21:03:28,956 | INFO | File exists: CHF_VOI_20230818.xls
2023-08-31 21:03:28,956 | INFO | File exists: NZD_VOI_20230818.xls
2023-08-31 21:03:28,956 | INFO | File exists: JPY_VOI_20230818.xls
2023-08-31 21:03:28,956 | INFO | File exists: AUD_VOI_20230821.xls
2023-08-31 21:03:28,957 | INFO | File exists: EUR_VOI_20230821.xls
2023-08-31 21:03:28,957 | INFO | File exists: CAD_VOI_20230821.xls
2023-08-31 21:03:28,957 | INFO | File exists: GBP_VOI_20230821.xls
2023-08-31 21:03:28,957 | INFO | File exists: CHF_VOI_20230821.xls
2023-08-31 21:03:28,957 | INFO | File exists: NZD_VOI_20230821.xls
2023-08-31 21:03:28,958 | INFO | File exists: JPY_VOI_20230821.xls
2023-08-31 21:03:28,958 | INFO | File exists: AUD_VOI_20230822.xls
2023-08-31 21:03:28,958 | INFO | File exists: EUR_VOI_20230822.xls
2023-08-31 21:03:28,958 | INFO | File exists: CAD_VOI_20230822.xls
2023-08-31 21:03:28,958 | INFO | File exists: GBP_VOI_20230822.xls
2023-08-31 21:03:28,958 | INFO | File exists: CHF_VOI_20230822.xls
2023-08-31 21:03:28,959 | INFO | File exists: NZD_VOI_20230822.xls
2023-08-31 21:03:28,959 | INFO | File exists: JPY_VOI_20230822.xls
2023-08-31 21:03:28,959 | INFO | File exists: AUD_VOI_20230823.xls
2023-08-31 21:03:28,959 | INFO | File exists: EUR_VOI_20230823.xls
2023-08-31 21:03:28,959 | INFO | File exists: CAD_VOI_20230823.xls
2023-08-31 21:03:28,960 | INFO | File exists: GBP_VOI_20230823.xls
2023-08-31 21:03:28,960 | INFO | File exists: CHF_VOI_20230823.xls
2023-08-31 21:03:28,960 | INFO | File exists: NZD_VOI_20230823.xls
2023-08-31 21:03:28,960 | INFO | File exists: JPY_VOI_20230823.xls
2023-08-31 21:03:28,961 | INFO | File exists: AUD_VOI_20230824.xls
2023-08-31 21:03:28,961 | INFO | File exists: EUR_VOI_20230824.xls
2023-08-31 21:03:28,961 | INFO | File exists: CAD_VOI_20230824.xls
2023-08-31 21:03:28,961 | INFO | File exists: GBP_VOI_20230824.xls
2023-08-31 21:03:28,961 | INFO | File exists: CHF_VOI_20230824.xls
2023-08-31 21:03:28,961 | INFO | File exists: NZD_VOI_20230824.xls
2023-08-31 21:03:28,962 | INFO | File exists: JPY_VOI_20230824.xls
2023-08-31 21:03:28,962 | INFO | File exists: AUD_VOI_20230825.xls
2023-08-31 21:03:28,962 | INFO | File exists: EUR_VOI_20230825.xls
2023-08-31 21:03:28,962 | INFO | File exists: CAD_VOI_20230825.xls
2023-08-31 21:03:28,963 | INFO | File exists: GBP_VOI_20230825.xls
2023-08-31 21:03:28,963 | INFO | File exists: CHF_VOI_20230825.xls
2023-08-31 21:03:28,963 | INFO | File exists: NZD_VOI_20230825.xls
2023-08-31 21:03:28,963 | INFO | File exists: JPY_VOI_20230825.xls
2023-08-31 21:03:28,963 | INFO | File exists: AUD_VOI_20230828.xls
2023-08-31 21:03:28,964 | INFO | File exists: EUR_VOI_20230828.xls
2023-08-31 21:03:28,964 | INFO | File exists: CAD_VOI_20230828.xls
2023-08-31 21:03:28,964 | INFO | File exists: GBP_VOI_20230828.xls
2023-08-31 21:03:28,964 | INFO | File exists: CHF_VOI_20230828.xls
2023-08-31 21:03:28,964 | INFO | File exists: NZD_VOI_20230828.xls
2023-08-31 21:03:28,965 | INFO | File exists: JPY_VOI_20230828.xls
2023-08-31 21:03:28,966 | INFO | File exists: AUD_VOI_20230829.xls
2023-08-31 21:03:28,966 | INFO | File exists: EUR_VOI_20230829.xls
2023-08-31 21:03:28,966 | INFO | File exists: CAD_VOI_20230829.xls
2023-08-31 21:03:28,966 | INFO | File exists: GBP_VOI_20230829.xls
2023-08-31 21:03:28,966 | INFO | File exists: CHF_VOI_20230829.xls
2023-08-31 21:03:28,966 | INFO | File exists: NZD_VOI_20230829.xls
2023-08-31 21:03:28,967 | INFO | File exists: JPY_VOI_20230829.xls
2023-09-01 20:00:04,923 | INFO | File exists: AUD_VOI_20230721.xls
2023-09-01 20:00:04,924 | INFO | File exists: EUR_VOI_20230721.xls
2023-09-01 20:00:04,924 | INFO | File exists: CAD_VOI_20230721.xls
2023-09-01 20:00:04,925 | INFO | File exists: GBP_VOI_20230721.xls
2023-09-01 20:00:04,925 | INFO | File exists: CHF_VOI_20230721.xls
2023-09-01 20:00:04,925 | INFO | File exists: NZD_VOI_20230721.xls
2023-09-01 20:00:04,926 | INFO | File exists: JPY_VOI_20230721.xls
2023-09-01 20:00:04,926 | INFO | File exists: AUD_VOI_20230724.xls
2023-09-01 20:00:04,926 | INFO | File exists: EUR_VOI_20230724.xls
2023-09-01 20:00:04,927 | INFO | File exists: CAD_VOI_20230724.xls
2023-09-01 20:00:04,927 | INFO | File exists: GBP_VOI_20230724.xls
2023-09-01 20:00:04,927 | INFO | File exists: CHF_VOI_20230724.xls
2023-09-01 20:00:04,927 | INFO | File exists: NZD_VOI_20230724.xls
2023-09-01 20:00:04,928 | INFO | File exists: JPY_VOI_20230724.xls
2023-09-01 20:00:04,928 | INFO | File exists: AUD_VOI_20230725.xls
2023-09-01 20:00:04,928 | INFO | File exists: EUR_VOI_20230725.xls
2023-09-01 20:00:04,928 | INFO | File exists: CAD_VOI_20230725.xls
2023-09-01 20:00:04,928 | INFO | File exists: GBP_VOI_20230725.xls
2023-09-01 20:00:04,929 | INFO | File exists: CHF_VOI_20230725.xls
2023-09-01 20:00:04,929 | INFO | File exists: NZD_VOI_20230725.xls
2023-09-01 20:00:04,929 | INFO | File exists: JPY_VOI_20230725.xls
2023-09-01 20:00:04,930 | INFO | File exists: AUD_VOI_20230726.xls
2023-09-01 20:00:04,930 | INFO | File exists: EUR_VOI_20230726.xls
2023-09-01 20:00:04,930 | INFO | File exists: CAD_VOI_20230726.xls
2023-09-01 20:00:04,930 | INFO | File exists: GBP_VOI_20230726.xls
2023-09-01 20:00:04,930 | INFO | File exists: CHF_VOI_20230726.xls
2023-09-01 20:00:04,931 | INFO | File exists: NZD_VOI_20230726.xls
2023-09-01 20:00:04,931 | INFO | File exists: JPY_VOI_20230726.xls
2023-09-01 20:00:04,931 | INFO | File exists: AUD_VOI_20230727.xls
2023-09-01 20:00:04,931 | INFO | File exists: EUR_VOI_20230727.xls
2023-09-01 20:00:04,931 | INFO | File exists: CAD_VOI_20230727.xls
2023-09-01 20:00:04,932 | INFO | File exists: GBP_VOI_20230727.xls
2023-09-01 20:00:04,932 | INFO | File exists: CHF_VOI_20230727.xls
2023-09-01 20:00:04,932 | INFO | File exists: NZD_VOI_20230727.xls
2023-09-01 20:00:04,932 | INFO | File exists: JPY_VOI_20230727.xls
2023-09-01 20:00:04,932 | INFO | File exists: AUD_VOI_20230728.xls
2023-09-01 20:00:04,932 | INFO | File exists: EUR_VOI_20230728.xls
2023-09-01 20:00:04,933 | INFO | File exists: CAD_VOI_20230728.xls
2023-09-01 20:00:04,933 | INFO | File exists: GBP_VOI_20230728.xls
2023-09-01 20:00:04,933 | INFO | File exists: CHF_VOI_20230728.xls
2023-09-01 20:00:04,933 | INFO | File exists: NZD_VOI_20230728.xls
2023-09-01 20:00:04,933 | INFO | File exists: JPY_VOI_20230728.xls
2023-09-01 20:00:04,934 | INFO | File exists: AUD_VOI_20230731.xls
2023-09-01 20:00:04,934 | INFO | File exists: EUR_VOI_20230731.xls
2023-09-01 20:00:04,934 | INFO | File exists: CAD_VOI_20230731.xls
2023-09-01 20:00:04,934 | INFO | File exists: GBP_VOI_20230731.xls
2023-09-01 20:00:04,934 | INFO | File exists: CHF_VOI_20230731.xls
2023-09-01 20:00:04,934 | INFO | File exists: NZD_VOI_20230731.xls
2023-09-01 20:00:04,935 | INFO | File exists: JPY_VOI_20230731.xls
2023-09-01 20:00:04,935 | INFO | File exists: AUD_VOI_20230801.xls
2023-09-01 20:00:04,935 | INFO | File exists: EUR_VOI_20230801.xls
2023-09-01 20:00:04,935 | INFO | File exists: CAD_VOI_20230801.xls
2023-09-01 20:00:04,935 | INFO | File exists: GBP_VOI_20230801.xls
2023-09-01 20:00:04,936 | INFO | File exists: CHF_VOI_20230801.xls
2023-09-01 20:00:04,936 | INFO | File exists: NZD_VOI_20230801.xls
2023-09-01 20:00:04,936 | INFO | File exists: JPY_VOI_20230801.xls
2023-09-01 20:00:04,936 | INFO | File exists: AUD_VOI_20230802.xls
2023-09-01 20:00:04,936 | INFO | File exists: EUR_VOI_20230802.xls
2023-09-01 20:00:04,937 | INFO | File exists: CAD_VOI_20230802.xls
2023-09-01 20:00:04,937 | INFO | File exists: GBP_VOI_20230802.xls
2023-09-01 20:00:04,937 | INFO | File exists: CHF_VOI_20230802.xls
2023-09-01 20:00:04,937 | INFO | File exists: NZD_VOI_20230802.xls
2023-09-01 20:00:04,938 | INFO | File exists: JPY_VOI_20230802.xls
2023-09-01 20:00:04,938 | INFO | File exists: AUD_VOI_20230803.xls
2023-09-01 20:00:04,938 | INFO | File exists: EUR_VOI_20230803.xls
2023-09-01 20:00:04,938 | INFO | File exists: CAD_VOI_20230803.xls
2023-09-01 20:00:04,939 | INFO | File exists: GBP_VOI_20230803.xls
2023-09-01 20:00:04,939 | INFO | File exists: CHF_VOI_20230803.xls
2023-09-01 20:00:04,939 | INFO | File exists: NZD_VOI_20230803.xls
2023-09-01 20:00:04,939 | INFO | File exists: JPY_VOI_20230803.xls
2023-09-01 20:00:04,939 | INFO | File exists: AUD_VOI_20230804.xls
2023-09-01 20:00:04,939 | INFO | File exists: EUR_VOI_20230804.xls
2023-09-01 20:00:04,940 | INFO | File exists: CAD_VOI_20230804.xls
2023-09-01 20:00:04,940 | INFO | File exists: GBP_VOI_20230804.xls
2023-09-01 20:00:04,940 | INFO | File exists: CHF_VOI_20230804.xls
2023-09-01 20:00:04,940 | INFO | File exists: NZD_VOI_20230804.xls
2023-09-01 20:00:04,940 | INFO | File exists: JPY_VOI_20230804.xls
2023-09-01 20:00:04,941 | INFO | File exists: AUD_VOI_20230807.xls
2023-09-01 20:00:04,941 | INFO | File exists: EUR_VOI_20230807.xls
2023-09-01 20:00:04,941 | INFO | File exists: CAD_VOI_20230807.xls
2023-09-01 20:00:04,941 | INFO | File exists: GBP_VOI_20230807.xls
2023-09-01 20:00:04,941 | INFO | File exists: CHF_VOI_20230807.xls
2023-09-01 20:00:04,941 | INFO | File exists: NZD_VOI_20230807.xls
2023-09-01 20:00:04,942 | INFO | File exists: JPY_VOI_20230807.xls
2023-09-01 20:00:04,942 | INFO | File exists: AUD_VOI_20230808.xls
2023-09-01 20:00:04,942 | INFO | File exists: EUR_VOI_20230808.xls
2023-09-01 20:00:04,942 | INFO | File exists: CAD_VOI_20230808.xls
2023-09-01 20:00:04,942 | INFO | File exists: GBP_VOI_20230808.xls
2023-09-01 20:00:04,942 | INFO | File exists: CHF_VOI_20230808.xls
2023-09-01 20:00:04,943 | INFO | File exists: NZD_VOI_20230808.xls
2023-09-01 20:00:04,943 | INFO | File exists: JPY_VOI_20230808.xls
2023-09-01 20:00:04,943 | INFO | File exists: AUD_VOI_20230809.xls
2023-09-01 20:00:04,943 | INFO | File exists: EUR_VOI_20230809.xls
2023-09-01 20:00:04,943 | INFO | File exists: CAD_VOI_20230809.xls
2023-09-01 20:00:04,944 | INFO | File exists: GBP_VOI_20230809.xls
2023-09-01 20:00:04,944 | INFO | File exists: CHF_VOI_20230809.xls
2023-09-01 20:00:04,944 | INFO | File exists: NZD_VOI_20230809.xls
2023-09-01 20:00:04,944 | INFO | File exists: JPY_VOI_20230809.xls
2023-09-01 20:00:04,944 | INFO | File exists: AUD_VOI_20230810.xls
2023-09-01 20:00:04,944 | INFO | File exists: EUR_VOI_20230810.xls
2023-09-01 20:00:04,945 | INFO | File exists: CAD_VOI_20230810.xls
2023-09-01 20:00:04,945 | INFO | File exists: GBP_VOI_20230810.xls
2023-09-01 20:00:04,945 | INFO | File exists: CHF_VOI_20230810.xls
2023-09-01 20:00:04,945 | INFO | File exists: NZD_VOI_20230810.xls
2023-09-01 20:00:04,945 | INFO | File exists: JPY_VOI_20230810.xls
2023-09-01 20:00:04,946 | INFO | File exists: AUD_VOI_20230811.xls
2023-09-01 20:00:04,946 | INFO | File exists: EUR_VOI_20230811.xls
2023-09-01 20:00:04,946 | INFO | File exists: CAD_VOI_20230811.xls
2023-09-01 20:00:04,946 | INFO | File exists: GBP_VOI_20230811.xls
2023-09-01 20:00:04,946 | INFO | File exists: CHF_VOI_20230811.xls
2023-09-01 20:00:04,946 | INFO | File exists: NZD_VOI_20230811.xls
2023-09-01 20:00:04,947 | INFO | File exists: JPY_VOI_20230811.xls
2023-09-01 20:00:04,947 | INFO | File exists: AUD_VOI_20230814.xls
2023-09-01 20:00:04,947 | INFO | File exists: EUR_VOI_20230814.xls
2023-09-01 20:00:04,948 | INFO | File exists: CAD_VOI_20230814.xls
2023-09-01 20:00:04,948 | INFO | File exists: GBP_VOI_20230814.xls
2023-09-01 20:00:04,948 | INFO | File exists: CHF_VOI_20230814.xls
2023-09-01 20:00:04,948 | INFO | File exists: NZD_VOI_20230814.xls
2023-09-01 20:00:04,948 | INFO | File exists: JPY_VOI_20230814.xls
2023-09-01 20:00:04,949 | INFO | File exists: AUD_VOI_20230815.xls
2023-09-01 20:00:04,949 | INFO | File exists: EUR_VOI_20230815.xls
2023-09-01 20:00:04,949 | INFO | File exists: CAD_VOI_20230815.xls
2023-09-01 20:00:04,949 | INFO | File exists: GBP_VOI_20230815.xls
2023-09-01 20:00:04,949 | INFO | File exists: CHF_VOI_20230815.xls
2023-09-01 20:00:04,949 | INFO | File exists: NZD_VOI_20230815.xls
2023-09-01 20:00:04,950 | INFO | File exists: JPY_VOI_20230815.xls
2023-09-01 20:00:04,950 | INFO | File exists: AUD_VOI_20230816.xls
2023-09-01 20:00:04,950 | INFO | File exists: EUR_VOI_20230816.xls
2023-09-01 20:00:04,950 | INFO | File exists: CAD_VOI_20230816.xls
2023-09-01 20:00:04,950 | INFO | File exists: GBP_VOI_20230816.xls
2023-09-01 20:00:04,950 | INFO | File exists: CHF_VOI_20230816.xls
2023-09-01 20:00:04,951 | INFO | File exists: NZD_VOI_20230816.xls
2023-09-01 20:00:04,951 | INFO | File exists: JPY_VOI_20230816.xls
2023-09-01 20:00:04,951 | INFO | File exists: AUD_VOI_20230817.xls
2023-09-01 20:00:04,951 | INFO | File exists: EUR_VOI_20230817.xls
2023-09-01 20:00:04,952 | INFO | File exists: CAD_VOI_20230817.xls
2023-09-01 20:00:04,952 | INFO | File exists: GBP_VOI_20230817.xls
2023-09-01 20:00:04,953 | INFO | File exists: CHF_VOI_20230817.xls
2023-09-01 20:00:04,953 | INFO | File exists: NZD_VOI_20230817.xls
2023-09-01 20:00:04,953 | INFO | File exists: JPY_VOI_20230817.xls
2023-09-01 20:00:04,953 | INFO | File exists: AUD_VOI_20230818.xls
2023-09-01 20:00:04,953 | INFO | File exists: EUR_VOI_20230818.xls
2023-09-01 20:00:04,954 | INFO | File exists: CAD_VOI_20230818.xls
2023-09-01 20:00:04,954 | INFO | File exists: GBP_VOI_20230818.xls
2023-09-01 20:00:04,954 | INFO | File exists: CHF_VOI_20230818.xls
2023-09-01 20:00:04,954 | INFO | File exists: NZD_VOI_20230818.xls
2023-09-01 20:00:04,954 | INFO | File exists: JPY_VOI_20230818.xls
2023-09-01 20:00:04,954 | INFO | File exists: AUD_VOI_20230821.xls
2023-09-01 20:00:04,955 | INFO | File exists: EUR_VOI_20230821.xls
2023-09-01 20:00:04,955 | INFO | File exists: CAD_VOI_20230821.xls
2023-09-01 20:00:04,955 | INFO | File exists: GBP_VOI_20230821.xls
2023-09-01 20:00:04,955 | INFO | File exists: CHF_VOI_20230821.xls
2023-09-01 20:00:04,955 | INFO | File exists: NZD_VOI_20230821.xls
2023-09-01 20:00:04,956 | INFO | File exists: JPY_VOI_20230821.xls
2023-09-01 20:00:04,956 | INFO | File exists: AUD_VOI_20230822.xls
2023-09-01 20:00:04,956 | INFO | File exists: EUR_VOI_20230822.xls
2023-09-01 20:00:04,956 | INFO | File exists: CAD_VOI_20230822.xls
2023-09-01 20:00:04,957 | INFO | File exists: GBP_VOI_20230822.xls
2023-09-01 20:00:04,957 | INFO | File exists: CHF_VOI_20230822.xls
2023-09-01 20:00:04,957 | INFO | File exists: NZD_VOI_20230822.xls
2023-09-01 20:00:04,958 | INFO | File exists: JPY_VOI_20230822.xls
2023-09-01 20:00:04,958 | INFO | File exists: AUD_VOI_20230823.xls
2023-09-01 20:00:04,958 | INFO | File exists: EUR_VOI_20230823.xls
2023-09-01 20:00:04,958 | INFO | File exists: CAD_VOI_20230823.xls
2023-09-01 20:00:04,958 | INFO | File exists: GBP_VOI_20230823.xls
2023-09-01 20:00:04,959 | INFO | File exists: CHF_VOI_20230823.xls
2023-09-01 20:00:04,959 | INFO | File exists: NZD_VOI_20230823.xls
2023-09-01 20:00:04,959 | INFO | File exists: JPY_VOI_20230823.xls
2023-09-01 20:00:04,959 | INFO | File exists: AUD_VOI_20230824.xls
2023-09-01 20:00:04,959 | INFO | File exists: EUR_VOI_20230824.xls
2023-09-01 20:00:04,960 | INFO | File exists: CAD_VOI_20230824.xls
2023-09-01 20:00:04,960 | INFO | File exists: GBP_VOI_20230824.xls
2023-09-01 20:00:04,960 | INFO | File exists: CHF_VOI_20230824.xls
2023-09-01 20:00:04,960 | INFO | File exists: NZD_VOI_20230824.xls
2023-09-01 20:00:04,960 | INFO | File exists: JPY_VOI_20230824.xls
2023-09-01 20:00:04,960 | INFO | File exists: AUD_VOI_20230825.xls
2023-09-01 20:00:04,961 | INFO | File exists: EUR_VOI_20230825.xls
2023-09-01 20:00:04,961 | INFO | File exists: CAD_VOI_20230825.xls
2023-09-01 20:00:04,961 | INFO | File exists: GBP_VOI_20230825.xls
2023-09-01 20:00:04,961 | INFO | File exists: CHF_VOI_20230825.xls
2023-09-01 20:00:04,961 | INFO | File exists: NZD_VOI_20230825.xls
2023-09-01 20:00:04,962 | INFO | File exists: JPY_VOI_20230825.xls
2023-09-01 20:00:04,962 | INFO | File exists: AUD_VOI_20230828.xls
2023-09-01 20:00:04,962 | INFO | File exists: EUR_VOI_20230828.xls
2023-09-01 20:00:04,962 | INFO | File exists: CAD_VOI_20230828.xls
2023-09-01 20:00:04,962 | INFO | File exists: GBP_VOI_20230828.xls
2023-09-01 20:00:04,962 | INFO | File exists: CHF_VOI_20230828.xls
2023-09-01 20:00:04,963 | INFO | File exists: NZD_VOI_20230828.xls
2023-09-01 20:00:04,963 | INFO | File exists: JPY_VOI_20230828.xls
2023-09-01 20:00:04,963 | INFO | File exists: AUD_VOI_20230829.xls
2023-09-01 20:00:04,963 | INFO | File exists: EUR_VOI_20230829.xls
2023-09-01 20:00:04,963 | INFO | File exists: CAD_VOI_20230829.xls
2023-09-01 20:00:04,963 | INFO | File exists: GBP_VOI_20230829.xls
2023-09-01 20:00:04,964 | INFO | File exists: CHF_VOI_20230829.xls
2023-09-01 20:00:04,964 | INFO | File exists: NZD_VOI_20230829.xls
2023-09-01 20:00:04,964 | INFO | File exists: JPY_VOI_20230829.xls
2023-09-01 20:00:04,965 | INFO | File exists: AUD_VOI_20230830.xls
2023-09-01 20:00:04,965 | INFO | File exists: EUR_VOI_20230830.xls
2023-09-01 20:00:04,965 | INFO | File exists: CAD_VOI_20230830.xls
2023-09-01 20:00:04,965 | INFO | File exists: GBP_VOI_20230830.xls
2023-09-01 20:00:04,965 | INFO | File exists: CHF_VOI_20230830.xls
2023-09-01 20:00:04,965 | INFO | File exists: NZD_VOI_20230830.xls
2023-09-01 20:00:04,966 | INFO | File exists: JPY_VOI_20230830.xls
2023-09-02 20:00:02,978 | INFO | File exists: AUD_VOI_20230724.xls
2023-09-02 20:00:02,979 | INFO | File exists: EUR_VOI_20230724.xls
2023-09-02 20:00:02,980 | INFO | File exists: CAD_VOI_20230724.xls
2023-09-02 20:00:02,981 | INFO | File exists: GBP_VOI_20230724.xls
2023-09-02 20:00:02,982 | INFO | File exists: CHF_VOI_20230724.xls
2023-09-02 20:00:02,982 | INFO | File exists: NZD_VOI_20230724.xls
2023-09-02 20:00:02,983 | INFO | File exists: JPY_VOI_20230724.xls
2023-09-02 20:00:02,983 | INFO | File exists: AUD_VOI_20230725.xls
2023-09-02 20:00:02,984 | INFO | File exists: EUR_VOI_20230725.xls
2023-09-02 20:00:02,985 | INFO | File exists: CAD_VOI_20230725.xls
2023-09-02 20:00:02,986 | INFO | File exists: GBP_VOI_20230725.xls
2023-09-02 20:00:02,986 | INFO | File exists: CHF_VOI_20230725.xls
2023-09-02 20:00:02,987 | INFO | File exists: NZD_VOI_20230725.xls
2023-09-02 20:00:02,988 | INFO | File exists: JPY_VOI_20230725.xls
2023-09-02 20:00:02,989 | INFO | File exists: AUD_VOI_20230726.xls
2023-09-02 20:00:02,989 | INFO | File exists: EUR_VOI_20230726.xls
2023-09-02 20:00:02,990 | INFO | File exists: CAD_VOI_20230726.xls
2023-09-02 20:00:02,991 | INFO | File exists: GBP_VOI_20230726.xls
2023-09-02 20:00:02,991 | INFO | File exists: CHF_VOI_20230726.xls
2023-09-02 20:00:02,992 | INFO | File exists: NZD_VOI_20230726.xls
2023-09-02 20:00:02,993 | INFO | File exists: JPY_VOI_20230726.xls
2023-09-02 20:00:02,993 | INFO | File exists: AUD_VOI_20230727.xls
2023-09-02 20:00:02,994 | INFO | File exists: EUR_VOI_20230727.xls
2023-09-02 20:00:02,995 | INFO | File exists: CAD_VOI_20230727.xls
2023-09-02 20:00:02,995 | INFO | File exists: GBP_VOI_20230727.xls
2023-09-02 20:00:02,996 | INFO | File exists: CHF_VOI_20230727.xls
2023-09-02 20:00:02,997 | INFO | File exists: NZD_VOI_20230727.xls
2023-09-02 20:00:02,997 | INFO | File exists: JPY_VOI_20230727.xls
2023-09-02 20:00:02,998 | INFO | File exists: AUD_VOI_20230728.xls
2023-09-02 20:00:02,998 | INFO | File exists: EUR_VOI_20230728.xls
2023-09-02 20:00:02,999 | INFO | File exists: CAD_VOI_20230728.xls
2023-09-02 20:00:03,000 | INFO | File exists: GBP_VOI_20230728.xls
2023-09-02 20:00:03,000 | INFO | File exists: CHF_VOI_20230728.xls
2023-09-02 20:00:03,001 | INFO | File exists: NZD_VOI_20230728.xls
2023-09-02 20:00:03,002 | INFO | File exists: JPY_VOI_20230728.xls
2023-09-02 20:00:03,002 | INFO | File exists: AUD_VOI_20230731.xls
2023-09-02 20:00:03,003 | INFO | File exists: EUR_VOI_20230731.xls
2023-09-02 20:00:03,004 | INFO | File exists: CAD_VOI_20230731.xls
2023-09-02 20:00:03,004 | INFO | File exists: GBP_VOI_20230731.xls
2023-09-02 20:00:03,005 | INFO | File exists: CHF_VOI_20230731.xls
2023-09-02 20:00:03,005 | INFO | File exists: NZD_VOI_20230731.xls
2023-09-02 20:00:03,006 | INFO | File exists: JPY_VOI_20230731.xls
2023-09-02 20:00:03,007 | INFO | File exists: AUD_VOI_20230801.xls
2023-09-02 20:00:03,007 | INFO | File exists: EUR_VOI_20230801.xls
2023-09-02 20:00:03,008 | INFO | File exists: CAD_VOI_20230801.xls
2023-09-02 20:00:03,008 | INFO | File exists: GBP_VOI_20230801.xls
2023-09-02 20:00:03,009 | INFO | File exists: CHF_VOI_20230801.xls
2023-09-02 20:00:03,010 | INFO | File exists: NZD_VOI_20230801.xls
2023-09-02 20:00:03,011 | INFO | File exists: JPY_VOI_20230801.xls
2023-09-02 20:00:03,011 | INFO | File exists: AUD_VOI_20230802.xls
2023-09-02 20:00:03,012 | INFO | File exists: EUR_VOI_20230802.xls
2023-09-02 20:00:03,013 | INFO | File exists: CAD_VOI_20230802.xls
2023-09-02 20:00:03,014 | INFO | File exists: GBP_VOI_20230802.xls
2023-09-02 20:00:03,014 | INFO | File exists: CHF_VOI_20230802.xls
2023-09-02 20:00:03,015 | INFO | File exists: NZD_VOI_20230802.xls
2023-09-02 20:00:03,016 | INFO | File exists: JPY_VOI_20230802.xls
2023-09-02 20:00:03,017 | INFO | File exists: AUD_VOI_20230803.xls
2023-09-02 20:00:03,017 | INFO | File exists: EUR_VOI_20230803.xls
2023-09-02 20:00:03,018 | INFO | File exists: CAD_VOI_20230803.xls
2023-09-02 20:00:03,019 | INFO | File exists: GBP_VOI_20230803.xls
2023-09-02 20:00:03,019 | INFO | File exists: CHF_VOI_20230803.xls
2023-09-02 20:00:03,020 | INFO | File exists: NZD_VOI_20230803.xls
2023-09-02 20:00:03,021 | INFO | File exists: JPY_VOI_20230803.xls
2023-09-02 20:00:03,022 | INFO | File exists: AUD_VOI_20230804.xls
2023-09-02 20:00:03,022 | INFO | File exists: EUR_VOI_20230804.xls
2023-09-02 20:00:03,023 | INFO | File exists: CAD_VOI_20230804.xls
2023-09-02 20:00:03,023 | INFO | File exists: GBP_VOI_20230804.xls
2023-09-02 20:00:03,024 | INFO | File exists: CHF_VOI_20230804.xls
2023-09-02 20:00:03,024 | INFO | File exists: NZD_VOI_20230804.xls
2023-09-02 20:00:03,025 | INFO | File exists: JPY_VOI_20230804.xls
2023-09-02 20:00:03,026 | INFO | File exists: AUD_VOI_20230807.xls
2023-09-02 20:00:03,026 | INFO | File exists: EUR_VOI_20230807.xls
2023-09-02 20:00:03,027 | INFO | File exists: CAD_VOI_20230807.xls
2023-09-02 20:00:03,028 | INFO | File exists: GBP_VOI_20230807.xls
2023-09-02 20:00:03,028 | INFO | File exists: CHF_VOI_20230807.xls
2023-09-02 20:00:03,029 | INFO | File exists: NZD_VOI_20230807.xls
2023-09-02 20:00:03,029 | INFO | File exists: JPY_VOI_20230807.xls
2023-09-02 20:00:03,030 | INFO | File exists: AUD_VOI_20230808.xls
2023-09-02 20:00:03,031 | INFO | File exists: EUR_VOI_20230808.xls
2023-09-02 20:00:03,031 | INFO | File exists: CAD_VOI_20230808.xls
2023-09-02 20:00:03,031 | INFO | File exists: GBP_VOI_20230808.xls
2023-09-02 20:00:03,032 | INFO | File exists: CHF_VOI_20230808.xls
2023-09-02 20:00:03,032 | INFO | File exists: NZD_VOI_20230808.xls
2023-09-02 20:00:03,033 | INFO | File exists: JPY_VOI_20230808.xls
2023-09-02 20:00:03,033 | INFO | File exists: AUD_VOI_20230809.xls
2023-09-02 20:00:03,034 | INFO | File exists: EUR_VOI_20230809.xls
2023-09-02 20:00:03,034 | INFO | File exists: CAD_VOI_20230809.xls
2023-09-02 20:00:03,034 | INFO | File exists: GBP_VOI_20230809.xls
2023-09-02 20:00:03,035 | INFO | File exists: CHF_VOI_20230809.xls
2023-09-02 20:00:03,035 | INFO | File exists: NZD_VOI_20230809.xls
2023-09-02 20:00:03,036 | INFO | File exists: JPY_VOI_20230809.xls
2023-09-02 20:00:03,036 | INFO | File exists: AUD_VOI_20230810.xls
2023-09-02 20:00:03,036 | INFO | File exists: EUR_VOI_20230810.xls
2023-09-02 20:00:03,037 | INFO | File exists: CAD_VOI_20230810.xls
2023-09-02 20:00:03,037 | INFO | File exists: GBP_VOI_20230810.xls
2023-09-02 20:00:03,038 | INFO | File exists: CHF_VOI_20230810.xls
2023-09-02 20:00:03,038 | INFO | File exists: NZD_VOI_20230810.xls
2023-09-02 20:00:03,038 | INFO | File exists: JPY_VOI_20230810.xls
2023-09-02 20:00:03,039 | INFO | File exists: AUD_VOI_20230811.xls
2023-09-02 20:00:03,039 | INFO | File exists: EUR_VOI_20230811.xls
2023-09-02 20:00:03,039 | INFO | File exists: CAD_VOI_20230811.xls
2023-09-02 20:00:03,040 | INFO | File exists: GBP_VOI_20230811.xls
2023-09-02 20:00:03,040 | INFO | File exists: CHF_VOI_20230811.xls
2023-09-02 20:00:03,040 | INFO | File exists: NZD_VOI_20230811.xls
2023-09-02 20:00:03,041 | INFO | File exists: JPY_VOI_20230811.xls
2023-09-02 20:00:03,041 | INFO | File exists: AUD_VOI_20230814.xls
2023-09-02 20:00:03,041 | INFO | File exists: EUR_VOI_20230814.xls
2023-09-02 20:00:03,042 | INFO | File exists: CAD_VOI_20230814.xls
2023-09-02 20:00:03,042 | INFO | File exists: GBP_VOI_20230814.xls
2023-09-02 20:00:03,042 | INFO | File exists: CHF_VOI_20230814.xls
2023-09-02 20:00:03,042 | INFO | File exists: NZD_VOI_20230814.xls
2023-09-02 20:00:03,043 | INFO | File exists: JPY_VOI_20230814.xls
2023-09-02 20:00:03,043 | INFO | File exists: AUD_VOI_20230815.xls
2023-09-02 20:00:03,043 | INFO | File exists: EUR_VOI_20230815.xls
2023-09-02 20:00:03,044 | INFO | File exists: CAD_VOI_20230815.xls
2023-09-02 20:00:03,044 | INFO | File exists: GBP_VOI_20230815.xls
2023-09-02 20:00:03,044 | INFO | File exists: CHF_VOI_20230815.xls
2023-09-02 20:00:03,045 | INFO | File exists: NZD_VOI_20230815.xls
2023-09-02 20:00:03,045 | INFO | File exists: JPY_VOI_20230815.xls
2023-09-02 20:00:03,045 | INFO | File exists: AUD_VOI_20230816.xls
2023-09-02 20:00:03,045 | INFO | File exists: EUR_VOI_20230816.xls
2023-09-02 20:00:03,046 | INFO | File exists: CAD_VOI_20230816.xls
2023-09-02 20:00:03,046 | INFO | File exists: GBP_VOI_20230816.xls
2023-09-02 20:00:03,046 | INFO | File exists: CHF_VOI_20230816.xls
2023-09-02 20:00:03,046 | INFO | File exists: NZD_VOI_20230816.xls
2023-09-02 20:00:03,047 | INFO | File exists: JPY_VOI_20230816.xls
2023-09-02 20:00:03,047 | INFO | File exists: AUD_VOI_20230817.xls
2023-09-02 20:00:03,047 | INFO | File exists: EUR_VOI_20230817.xls
2023-09-02 20:00:03,047 | INFO | File exists: CAD_VOI_20230817.xls
2023-09-02 20:00:03,048 | INFO | File exists: GBP_VOI_20230817.xls
2023-09-02 20:00:03,048 | INFO | File exists: CHF_VOI_20230817.xls
2023-09-02 20:00:03,048 | INFO | File exists: NZD_VOI_20230817.xls
2023-09-02 20:00:03,048 | INFO | File exists: JPY_VOI_20230817.xls
2023-09-02 20:00:03,049 | INFO | File exists: AUD_VOI_20230818.xls
2023-09-02 20:00:03,049 | INFO | File exists: EUR_VOI_20230818.xls
2023-09-02 20:00:03,049 | INFO | File exists: CAD_VOI_20230818.xls
2023-09-02 20:00:03,049 | INFO | File exists: GBP_VOI_20230818.xls
2023-09-02 20:00:03,050 | INFO | File exists: CHF_VOI_20230818.xls
2023-09-02 20:00:03,050 | INFO | File exists: NZD_VOI_20230818.xls
2023-09-02 20:00:03,050 | INFO | File exists: JPY_VOI_20230818.xls
2023-09-02 20:00:03,050 | INFO | File exists: AUD_VOI_20230821.xls
2023-09-02 20:00:03,051 | INFO | File exists: EUR_VOI_20230821.xls
2023-09-02 20:00:03,051 | INFO | File exists: CAD_VOI_20230821.xls
2023-09-02 20:00:03,051 | INFO | File exists: GBP_VOI_20230821.xls
2023-09-02 20:00:03,051 | INFO | File exists: CHF_VOI_20230821.xls
2023-09-02 20:00:03,052 | INFO | File exists: NZD_VOI_20230821.xls
2023-09-02 20:00:03,052 | INFO | File exists: JPY_VOI_20230821.xls
2023-09-02 20:00:03,052 | INFO | File exists: AUD_VOI_20230822.xls
2023-09-02 20:00:03,052 | INFO | File exists: EUR_VOI_20230822.xls
2023-09-02 20:00:03,052 | INFO | File exists: CAD_VOI_20230822.xls
2023-09-02 20:00:03,053 | INFO | File exists: GBP_VOI_20230822.xls
2023-09-02 20:00:03,053 | INFO | File exists: CHF_VOI_20230822.xls
2023-09-02 20:00:03,053 | INFO | File exists: NZD_VOI_20230822.xls
2023-09-02 20:00:03,053 | INFO | File exists: JPY_VOI_20230822.xls
2023-09-02 20:00:03,053 | INFO | File exists: AUD_VOI_20230823.xls
2023-09-02 20:00:03,054 | INFO | File exists: EUR_VOI_20230823.xls
2023-09-02 20:00:03,054 | INFO | File exists: CAD_VOI_20230823.xls
2023-09-02 20:00:03,054 | INFO | File exists: GBP_VOI_20230823.xls
2023-09-02 20:00:03,054 | INFO | File exists: CHF_VOI_20230823.xls
2023-09-02 20:00:03,054 | INFO | File exists: NZD_VOI_20230823.xls
2023-09-02 20:00:03,055 | INFO | File exists: JPY_VOI_20230823.xls
2023-09-02 20:00:03,055 | INFO | File exists: AUD_VOI_20230824.xls
2023-09-02 20:00:03,055 | INFO | File exists: EUR_VOI_20230824.xls
2023-09-02 20:00:03,055 | INFO | File exists: CAD_VOI_20230824.xls
2023-09-02 20:00:03,056 | INFO | File exists: GBP_VOI_20230824.xls
2023-09-02 20:00:03,056 | INFO | File exists: CHF_VOI_20230824.xls
2023-09-02 20:00:03,056 | INFO | File exists: NZD_VOI_20230824.xls
2023-09-02 20:00:03,056 | INFO | File exists: JPY_VOI_20230824.xls
2023-09-02 20:00:03,056 | INFO | File exists: AUD_VOI_20230825.xls
2023-09-02 20:00:03,057 | INFO | File exists: EUR_VOI_20230825.xls
2023-09-02 20:00:03,057 | INFO | File exists: CAD_VOI_20230825.xls
2023-09-02 20:00:03,057 | INFO | File exists: GBP_VOI_20230825.xls
2023-09-02 20:00:03,057 | INFO | File exists: CHF_VOI_20230825.xls
2023-09-02 20:00:03,057 | INFO | File exists: NZD_VOI_20230825.xls
2023-09-02 20:00:03,058 | INFO | File exists: JPY_VOI_20230825.xls
2023-09-02 20:00:03,058 | INFO | File exists: AUD_VOI_20230828.xls
2023-09-02 20:00:03,058 | INFO | File exists: EUR_VOI_20230828.xls
2023-09-02 20:00:03,058 | INFO | File exists: CAD_VOI_20230828.xls
2023-09-02 20:00:03,059 | INFO | File exists: GBP_VOI_20230828.xls
2023-09-02 20:00:03,059 | INFO | File exists: CHF_VOI_20230828.xls
2023-09-02 20:00:03,059 | INFO | File exists: NZD_VOI_20230828.xls
2023-09-02 20:00:03,059 | INFO | File exists: JPY_VOI_20230828.xls
2023-09-02 20:00:03,059 | INFO | File exists: AUD_VOI_20230829.xls
2023-09-02 20:00:03,060 | INFO | File exists: EUR_VOI_20230829.xls
2023-09-02 20:00:03,060 | INFO | File exists: CAD_VOI_20230829.xls
2023-09-02 20:00:03,060 | INFO | File exists: GBP_VOI_20230829.xls
2023-09-02 20:00:03,060 | INFO | File exists: CHF_VOI_20230829.xls
2023-09-02 20:00:03,060 | INFO | File exists: NZD_VOI_20230829.xls
2023-09-02 20:00:03,061 | INFO | File exists: JPY_VOI_20230829.xls
2023-09-02 20:00:03,061 | INFO | File exists: AUD_VOI_20230830.xls
2023-09-02 20:00:03,061 | INFO | File exists: EUR_VOI_20230830.xls
2023-09-02 20:00:03,061 | INFO | File exists: CAD_VOI_20230830.xls
2023-09-02 20:00:03,061 | INFO | File exists: GBP_VOI_20230830.xls
2023-09-02 20:00:03,062 | INFO | File exists: CHF_VOI_20230830.xls
2023-09-02 20:00:03,062 | INFO | File exists: NZD_VOI_20230830.xls
2023-09-02 20:00:03,062 | INFO | File exists: JPY_VOI_20230830.xls
2023-09-02 20:00:03,062 | INFO | File exists: AUD_VOI_20230831.xls
2023-09-02 20:00:03,062 | INFO | File exists: EUR_VOI_20230831.xls
2023-09-02 20:00:03,062 | INFO | File exists: CAD_VOI_20230831.xls
2023-09-02 20:00:03,063 | INFO | File exists: GBP_VOI_20230831.xls
2023-09-02 20:00:03,063 | INFO | File exists: CHF_VOI_20230831.xls
2023-09-02 20:00:03,063 | INFO | File exists: NZD_VOI_20230831.xls
2023-09-02 20:00:03,063 | INFO | File exists: JPY_VOI_20230831.xls
